2025-06-19 12:59:20,756 - INFO - Successfully loaded eng\english_craftAndStructure.json with 375 items
2025-06-19 12:59:20,764 - INFO - Created folder: english_craftAndStructure
2025-06-19 12:59:50,362 - INFO - Successfully saved 84b5125b
2025-06-19 12:59:53,880 - INFO - Successfully saved fa014d2d
2025-06-19 12:59:57,331 - INFO - Successfully saved 5fe53347
2025-06-19 13:00:00,913 - INFO - Successfully saved 359902ae
2025-06-19 13:00:04,394 - INFO - Successfully saved 22a41819
2025-06-19 13:00:07,877 - INFO - Successfully saved ca50de52
2025-06-19 13:00:11,457 - INFO - Successfully saved 82cb7dda
2025-06-19 13:00:14,846 - INFO - Successfully saved c977cfcf
2025-06-19 13:00:18,272 - INFO - Successfully saved e35d481c
2025-06-19 13:00:21,702 - INFO - Successfully saved 45a109a3
2025-06-19 13:00:25,079 - INFO - Successfully saved 5e57efec
2025-06-19 13:00:29,052 - INFO - Successfully saved 1c7fe9be
2025-06-19 13:00:32,388 - INFO - Successfully saved c966ad55
2025-06-19 13:00:35,781 - INFO - Successfully saved 757077f9
2025-06-19 13:00:39,207 - INFO - Successfully saved 2af2016f
2025-06-19 13:00:42,689 - INFO - Successfully saved b13378c8
2025-06-19 13:00:46,071 - INFO - Successfully saved 97e5bf55
2025-06-19 13:00:49,448 - INFO - Successfully saved d4a8f7cb
2025-06-19 13:00:52,912 - INFO - Successfully saved 84ece3f6
2025-06-19 13:00:56,313 - INFO - Successfully saved 95f037ad
2025-06-19 13:00:59,792 - INFO - Successfully saved d4732483
2025-06-19 13:01:03,175 - INFO - Successfully saved d9915c15
2025-06-19 13:01:06,669 - INFO - Successfully saved e818241b
2025-06-19 13:01:10,135 - INFO - Successfully saved a1139ff8
2025-06-19 13:01:13,625 - INFO - Successfully saved d5ad34f0
2025-06-19 13:01:17,117 - INFO - Successfully saved 236fee8e
2025-06-19 13:01:20,586 - INFO - Successfully saved 97ab5669
2025-06-19 13:01:24,171 - INFO - Successfully saved be612a26
2025-06-19 13:01:27,647 - INFO - Successfully saved a0777403
2025-06-19 13:01:31,071 - INFO - Successfully saved 02fd3da7
2025-06-19 13:01:34,515 - INFO - Successfully saved 6c9f1727
2025-06-19 13:01:37,996 - INFO - Successfully saved 06b96bfc
2025-06-19 13:01:41,349 - INFO - Successfully saved 3f37eb3b
2025-06-19 13:01:44,772 - INFO - Successfully saved 93665100
2025-06-19 13:01:48,236 - INFO - Successfully saved 0f040c50
2025-06-19 13:01:51,717 - INFO - Successfully saved e1d5d5df
2025-06-19 13:01:55,109 - INFO - Successfully saved cef79fb9
2025-06-19 13:01:58,496 - INFO - Successfully saved 9e501aaf
2025-06-19 13:02:02,069 - INFO - Successfully saved 9cdcd902
2025-06-19 13:02:05,416 - INFO - Successfully saved e459076b
2025-06-19 13:02:08,921 - INFO - Successfully saved 0462dac3
2025-06-19 13:02:12,331 - INFO - Successfully saved eaea6f8f
2025-06-19 13:02:15,783 - INFO - Successfully saved 4974b053
2025-06-19 13:02:19,257 - INFO - Successfully saved 3ec184af
2025-06-19 13:02:22,639 - INFO - Successfully saved 105ea6de
2025-06-19 13:02:26,119 - INFO - Successfully saved 7d8224f9
2025-06-19 13:02:29,575 - INFO - Successfully saved 2903a041
2025-06-19 13:02:33,002 - INFO - Successfully saved 066a3295
2025-06-19 13:02:36,406 - INFO - Successfully saved ac9a3a26
2025-06-19 13:02:39,842 - INFO - Successfully saved 03c9f327
2025-06-19 13:02:43,329 - INFO - Successfully saved e3f05561
2025-06-19 13:02:46,803 - INFO - Successfully saved 662ebff2
2025-06-19 13:02:50,285 - INFO - Successfully saved c4737d6a
2025-06-19 13:02:53,807 - INFO - Successfully saved 47598085
2025-06-19 13:02:57,155 - INFO - Successfully saved 710799ae
2025-06-19 13:03:00,627 - INFO - Successfully saved a87c3925
2025-06-19 13:03:04,113 - INFO - Successfully saved 4a2b2535
2025-06-19 13:03:07,448 - INFO - Successfully saved b0f7541b
2025-06-19 13:03:10,868 - INFO - Successfully saved 8d802289
2025-06-19 13:03:14,848 - INFO - Successfully saved 7bf79a90
2025-06-19 13:03:18,344 - INFO - Successfully saved 9ccf463e
2025-06-19 13:03:22,033 - INFO - Successfully saved 835d1ae6
2025-06-19 13:03:25,515 - INFO - Successfully saved af4300b0
2025-06-19 13:03:29,006 - INFO - Successfully saved ca47273b
2025-06-19 13:03:32,424 - INFO - Successfully saved 4c4db685
2025-06-19 13:03:35,867 - INFO - Successfully saved cf46f239
2025-06-19 13:03:39,345 - INFO - Successfully saved 69a6d050
2025-06-19 13:03:42,716 - INFO - Successfully saved 805e361d
2025-06-19 13:03:46,124 - INFO - Successfully saved 81da17d3
2025-06-19 13:03:49,583 - INFO - Successfully saved 617a8a10
2025-06-19 13:03:52,942 - INFO - Successfully saved e41dfaab
2025-06-19 13:03:56,883 - INFO - Successfully saved e13171c4
2025-06-19 13:04:00,285 - INFO - Successfully saved 4d1a9c0d
2025-06-19 13:04:03,714 - INFO - Successfully saved 5effa190
2025-06-19 13:04:07,195 - INFO - Successfully saved a49500cc
2025-06-19 13:04:10,784 - INFO - Successfully saved f3fac04f
2025-06-19 13:04:14,258 - INFO - Successfully saved d6c77ae5
2025-06-19 13:04:17,686 - INFO - Successfully saved 6d5ddea4
2025-06-19 13:04:21,118 - INFO - Successfully saved df46a2ee
2025-06-19 13:04:24,511 - INFO - Successfully saved 5a278f24
2025-06-19 13:04:27,931 - INFO - Successfully saved 76e4c51d
2025-06-19 13:04:31,280 - INFO - Successfully saved 4b8244ca
2025-06-19 13:04:34,737 - INFO - Successfully saved a2835734
2025-06-19 13:04:38,561 - INFO - Successfully saved ff97fd53
2025-06-19 13:04:41,942 - INFO - Successfully saved c61a7c4a
2025-06-19 13:04:45,324 - INFO - Successfully saved 37219ba2
2025-06-19 13:04:48,877 - INFO - Successfully saved a2f64e58
2025-06-19 13:04:52,317 - INFO - Successfully saved e26d23c4
2025-06-19 13:04:55,732 - INFO - Successfully saved acb852e7
2025-06-19 13:04:59,192 - INFO - Successfully saved 98364791
2025-06-19 13:05:02,604 - INFO - Successfully saved 9107ad5c
2025-06-19 13:05:06,075 - INFO - Successfully saved aa5897b8
2025-06-19 13:05:09,475 - INFO - Successfully saved a4ca92fd
2025-06-19 13:05:12,847 - INFO - Successfully saved 8de51658
2025-06-19 13:05:16,205 - INFO - Successfully saved e0656211
2025-06-19 13:05:19,593 - INFO - Successfully saved d91e5499
2025-06-19 13:05:22,997 - INFO - Successfully saved 9421ed62
2025-06-19 13:05:26,382 - INFO - Successfully saved 059f7201
2025-06-19 13:05:29,755 - INFO - Successfully saved c502943e
2025-06-19 13:05:33,141 - INFO - Successfully saved 7d84fe2b
2025-06-19 13:05:36,599 - INFO - Successfully saved d2eb1df1
2025-06-19 13:05:40,472 - INFO - Successfully saved be94c9fc
2025-06-19 13:05:43,961 - INFO - Successfully saved d72b325e
2025-06-19 13:05:47,352 - INFO - Successfully saved cb526866
2025-06-19 13:05:50,830 - INFO - Successfully saved 4b4ab04e
2025-06-19 13:05:54,313 - INFO - Successfully saved fb8b56bc
2025-06-19 13:05:57,696 - INFO - Successfully saved 83687083
2025-06-19 13:06:01,175 - INFO - Successfully saved 637d0878
2025-06-19 13:06:04,610 - INFO - Successfully saved 39857700
2025-06-19 13:06:07,988 - INFO - Successfully saved ed52a093
2025-06-19 13:06:11,405 - INFO - Successfully saved e929fe98
2025-06-19 13:06:14,895 - INFO - Successfully saved 2aaee77f
2025-06-19 13:06:18,476 - INFO - Successfully saved f61c22f3
2025-06-19 13:06:21,814 - INFO - Successfully saved 54804e10
2025-06-19 13:06:25,198 - INFO - Successfully saved 6cf906fc
2025-06-19 13:06:28,720 - INFO - Successfully saved 4480fae9
2025-06-19 13:06:32,124 - INFO - Successfully saved 5d2fd27d
2025-06-19 13:06:35,581 - INFO - Successfully saved 2e744883
2025-06-19 13:06:38,953 - INFO - Successfully saved 9aa44886
2025-06-19 13:06:42,912 - INFO - Successfully saved e1befb41
2025-06-19 13:06:46,438 - INFO - Successfully saved afd48140
2025-06-19 13:06:49,842 - INFO - Successfully saved b4887dae
2025-06-19 13:06:53,289 - INFO - Successfully saved c68ceeff
2025-06-19 13:06:56,686 - INFO - Successfully saved cf9a00e0
2025-06-19 13:07:00,138 - INFO - Successfully saved 9b22bf7b
2025-06-19 13:07:03,583 - INFO - Successfully saved daaed806
2025-06-19 13:07:06,933 - INFO - Successfully saved d2a90d4f
2025-06-19 13:07:10,390 - INFO - Successfully saved 5514fd1f
2025-06-19 13:07:13,793 - INFO - Successfully saved 3e6ad72d
2025-06-19 13:07:17,170 - INFO - Successfully saved f3c45b4f
2025-06-19 13:07:20,533 - INFO - Successfully saved bdab32fc
2025-06-19 13:07:24,427 - INFO - Successfully saved e8c26398
2025-06-19 13:07:27,903 - INFO - Successfully saved 4830ab87
2025-06-19 13:07:31,298 - INFO - Successfully saved 5336f2e4
2025-06-19 13:07:34,704 - INFO - Successfully saved 6f5fc289
2025-06-19 13:07:38,133 - INFO - Successfully saved 1455b754
2025-06-19 13:07:41,575 - INFO - Successfully saved 7bc05fa2
2025-06-19 13:07:44,935 - INFO - Successfully saved b92c13fa
2025-06-19 13:07:48,353 - INFO - Successfully saved f7c02e89
2025-06-19 13:07:51,770 - INFO - Successfully saved b44066dc
2025-06-19 13:07:55,244 - INFO - Successfully saved 74ee7737
2025-06-19 13:07:58,730 - INFO - Successfully saved 82c05b34
2025-06-19 13:08:02,826 - INFO - Successfully saved 849bf8d7
2025-06-19 13:08:06,332 - INFO - Successfully saved f7d58b53
2025-06-19 13:08:09,788 - INFO - Successfully saved 6286dd96
2025-06-19 13:08:13,371 - INFO - Successfully saved 8b46bb51
2025-06-19 13:08:16,818 - INFO - Successfully saved 44cc5f75
2025-06-19 13:08:20,237 - INFO - Successfully saved aaa3ee7c
2025-06-19 13:08:23,718 - INFO - Successfully saved afd2a9eb
2025-06-19 13:08:27,113 - INFO - Successfully saved 3654202f
2025-06-19 13:08:30,570 - INFO - Successfully saved ea971260
2025-06-19 13:08:33,962 - INFO - Successfully saved 975b0602
2025-06-19 13:08:37,334 - INFO - Successfully saved 2b085bc6
2025-06-19 13:08:40,820 - INFO - Successfully saved 03f5a9b7
2025-06-19 13:08:44,208 - INFO - Successfully saved edd64a4a
2025-06-19 13:08:47,573 - INFO - Successfully saved f8ca5766
2025-06-19 13:08:50,977 - INFO - Successfully saved 9671d61d
2025-06-19 13:08:54,390 - INFO - Successfully saved 213a25d1
2025-06-19 13:08:57,846 - INFO - Successfully saved a06c434d
2025-06-19 13:09:01,208 - INFO - Successfully saved ea9dfe27
2025-06-19 13:09:04,577 - INFO - Successfully saved c8603ed7
2025-06-19 13:09:08,473 - INFO - Successfully saved 9c759a09
2025-06-19 13:09:11,943 - INFO - Successfully saved 05575bca
2025-06-19 13:09:15,425 - INFO - Successfully saved c7265342
2025-06-19 13:09:18,985 - INFO - Successfully saved 5a4b147c
2025-06-19 13:09:22,341 - INFO - Successfully saved b411eb09
2025-06-19 13:09:25,774 - INFO - Successfully saved 8963273a
2025-06-19 13:09:29,253 - INFO - Successfully saved c4900368
2025-06-19 13:09:32,672 - INFO - Successfully saved 1ad04ea0
2025-06-19 13:09:36,064 - INFO - Successfully saved a68239ed
2025-06-19 13:09:39,598 - INFO - Successfully saved 04e4c51d
2025-06-19 13:09:42,982 - INFO - Successfully saved 422c5068
2025-06-19 13:09:46,409 - INFO - Successfully saved 479c7e82
2025-06-19 13:09:49,945 - INFO - Successfully saved 52fe862a
2025-06-19 13:09:53,418 - INFO - Successfully saved 74446089
2025-06-19 13:09:56,805 - INFO - Successfully saved 2e8ab360
2025-06-19 13:10:00,169 - INFO - Successfully saved c14daa3c
2025-06-19 13:10:03,581 - INFO - Successfully saved d3ca5d59
2025-06-19 13:10:07,040 - INFO - Successfully saved 7a327791
2025-06-19 13:10:10,895 - INFO - Successfully saved 0ee67e09
2025-06-19 13:10:14,275 - INFO - Successfully saved 760ee1db
2025-06-19 13:10:17,693 - INFO - Successfully saved 417f8dfa
2025-06-19 13:10:21,056 - INFO - Successfully saved e5ca7687
2025-06-19 13:10:24,512 - INFO - Successfully saved c5b1afe5
2025-06-19 13:10:28,084 - INFO - Successfully saved 84dbd633
2025-06-19 13:10:31,472 - INFO - Successfully saved 97ca2cda
2025-06-19 13:10:34,888 - INFO - Successfully saved a2dd51c1
2025-06-19 13:10:38,289 - INFO - Successfully saved 9d73c9eb
2025-06-19 13:10:41,707 - INFO - Successfully saved 81a3a607
2025-06-19 13:10:45,263 - INFO - Successfully saved 48e4021d
2025-06-19 13:10:48,640 - INFO - Successfully saved 8d579825
2025-06-19 13:10:52,028 - INFO - Successfully saved 85083d4d
2025-06-19 13:10:55,382 - INFO - Successfully saved 3566120b
2025-06-19 13:10:58,744 - INFO - Successfully saved f2c48e47
2025-06-19 13:11:02,159 - INFO - Successfully saved 79dec1e1
2025-06-19 13:11:05,614 - INFO - Successfully saved bcc91b1e
2025-06-19 13:11:08,974 - INFO - Successfully saved 7d075fc5
2025-06-19 13:11:12,372 - INFO - Successfully saved 9645f55e
2025-06-19 13:11:15,852 - INFO - Successfully saved f1c9d2c1
2025-06-19 13:11:19,261 - INFO - Successfully saved 31d0bd9a
2025-06-19 13:11:22,719 - INFO - Successfully saved dc043599
2025-06-19 13:11:26,197 - INFO - Successfully saved cf9a3f34
2025-06-19 13:11:29,555 - INFO - Successfully saved 1b5d4e3e
2025-06-19 13:11:32,929 - INFO - Successfully saved dc234d74
2025-06-19 13:11:36,444 - INFO - Successfully saved 47955354
2025-06-19 13:11:39,918 - INFO - Successfully saved a3761c7e
2025-06-19 13:11:43,397 - INFO - Successfully saved 34d7bb25
2025-06-19 13:11:46,784 - INFO - Successfully saved c0e1b70a
2025-06-19 13:11:50,372 - INFO - Successfully saved f631132b
2025-06-19 13:11:53,751 - INFO - Successfully saved 80ebb189
2025-06-19 13:11:57,148 - INFO - Successfully saved e7d37666
2025-06-19 13:12:00,606 - INFO - Successfully saved b940952c
2025-06-19 13:12:04,094 - INFO - Successfully saved 570970cd
2025-06-19 13:12:07,463 - INFO - Successfully saved 683f66c9
2025-06-19 13:12:10,858 - INFO - Successfully saved eae66bf9
2025-06-19 13:12:14,801 - INFO - Successfully saved a1ff8ce3
2025-06-19 13:12:18,322 - INFO - Successfully saved 7b4dde72
2025-06-19 13:12:21,701 - INFO - Successfully saved c8a2af72
2025-06-19 13:12:25,163 - INFO - Successfully saved 10a409bd
2025-06-19 13:12:28,608 - INFO - Successfully saved a60b0004
2025-06-19 13:12:32,042 - INFO - Successfully saved 03080769
2025-06-19 13:12:35,637 - INFO - Successfully saved b0ea8c28
2025-06-19 13:12:39,044 - INFO - Successfully saved 749f3334
2025-06-19 13:12:42,490 - INFO - Successfully saved fce80a36
2025-06-19 13:12:45,874 - INFO - Successfully saved e5e7f264
2025-06-19 13:12:49,349 - INFO - Successfully saved e4e2aeb3
2025-06-19 13:12:52,737 - INFO - Successfully saved 0d402146
2025-06-19 13:12:56,666 - INFO - Successfully saved e5da61f1
2025-06-19 13:13:00,032 - INFO - Successfully saved 6a1dc7c5
2025-06-19 13:13:03,390 - INFO - Successfully saved 5dce6cab
2025-06-19 13:13:06,757 - INFO - Successfully saved d4e8662d
2025-06-19 13:13:10,149 - INFO - Successfully saved f99847ed
2025-06-19 13:13:13,615 - INFO - Successfully saved 5e101c70
2025-06-19 13:13:17,096 - INFO - Successfully saved df45f0eb
2025-06-19 13:13:20,476 - INFO - Successfully saved 2d77660e
2025-06-19 13:13:23,858 - INFO - Successfully saved 12d81fc1
2025-06-19 13:13:27,208 - INFO - Successfully saved af43b0bd
2025-06-19 13:13:30,621 - INFO - Successfully saved 5127fc1e
2025-06-19 13:13:34,015 - INFO - Successfully saved 6ae393f7
2025-06-19 13:13:37,991 - INFO - Successfully saved e4f312c5
2025-06-19 13:13:41,471 - INFO - Successfully saved a4f50d30
2025-06-19 13:13:44,985 - INFO - Successfully saved fa7a89f1
2025-06-19 13:13:48,385 - INFO - Successfully saved e37b9e34
2025-06-19 13:13:51,920 - INFO - Successfully saved faa5696c
2025-06-19 13:13:55,397 - INFO - Successfully saved f0ae0da3
2025-06-19 13:13:58,837 - INFO - Successfully saved b3e145e4
2025-06-19 13:14:02,203 - INFO - Successfully saved 54c6128b
2025-06-19 13:14:05,604 - INFO - Successfully saved 2c50ed1a
2025-06-19 13:14:09,022 - INFO - Successfully saved 0ed94d4c
2025-06-19 13:14:12,424 - INFO - Successfully saved d8d33cc5
2025-06-19 13:14:15,887 - INFO - Successfully saved 79fe7550
2025-06-19 13:14:19,861 - INFO - Successfully saved 0a04cac5
2025-06-19 13:14:23,358 - INFO - Successfully saved 1fa751f1
2025-06-19 13:14:26,837 - INFO - Successfully saved 1d9a09c0
2025-06-19 13:14:30,222 - INFO - Successfully saved 49bbe4d7
2025-06-19 13:14:33,612 - INFO - Successfully saved f6d1f735
2025-06-19 13:14:37,074 - INFO - Successfully saved fcc328c6
2025-06-19 13:14:40,544 - INFO - Successfully saved 01de46bb
2025-06-19 13:14:43,944 - INFO - Successfully saved aa7ae735
2025-06-19 13:14:47,426 - INFO - Successfully saved a7991da1
2025-06-19 13:14:50,914 - INFO - Successfully saved 84a7fbca
2025-06-19 13:14:54,378 - INFO - Successfully saved 5179fd36
2025-06-19 13:14:57,809 - INFO - Successfully saved 1f2d6173
2025-06-19 13:15:01,755 - INFO - Successfully saved 428cd2c1
2025-06-19 13:15:05,236 - INFO - Successfully saved 62a18353
2025-06-19 13:15:08,673 - INFO - Successfully saved 4eee64fa
2025-06-19 13:15:12,112 - INFO - Successfully saved c2c26e20
2025-06-19 13:15:15,511 - INFO - Successfully saved a70cbc53
2025-06-19 13:15:18,904 - INFO - Successfully saved 3d658a5a
2025-06-19 13:15:22,303 - INFO - Successfully saved cd2ce51f
2025-06-19 13:15:25,775 - INFO - Successfully saved 17bf10de
2025-06-19 13:15:29,163 - INFO - Successfully saved b4c6cff6
2025-06-19 13:15:32,559 - INFO - Successfully saved d8d1ecaa
2025-06-19 13:15:35,961 - INFO - Successfully saved d0198544
2025-06-19 13:15:39,443 - INFO - Successfully saved a2be625e
2025-06-19 13:15:42,867 - INFO - Successfully saved ab56a107
2025-06-19 13:15:46,286 - INFO - Successfully saved f773a56b
2025-06-19 13:15:49,784 - INFO - Successfully saved f653b273
2025-06-19 13:15:53,270 - INFO - Successfully saved 7afb470b
2025-06-19 13:15:56,689 - INFO - Successfully saved 5e732e67
2025-06-19 13:16:00,132 - INFO - Successfully saved d9e55268
2025-06-19 13:16:04,028 - INFO - Successfully saved faee8ec7
2025-06-19 13:16:07,436 - INFO - Successfully saved c19b2f77
2025-06-19 13:16:10,881 - INFO - Successfully saved 14b7dced
2025-06-19 13:16:14,303 - INFO - Successfully saved 3118ca93
2025-06-19 13:16:15,731 - INFO - Successfully loaded eng\english_expressionOfIdea.json with 309 items
2025-06-19 13:16:15,732 - INFO - Created folder: english_expressionOfIdea
2025-06-19 13:16:17,733 - INFO - Successfully saved 21d95d1d
2025-06-19 13:16:21,118 - INFO - Successfully saved b622fb78
2025-06-19 13:16:24,505 - INFO - Successfully saved 56ec23a0
2025-06-19 13:16:27,869 - INFO - Successfully saved a318c1ef
2025-06-19 13:16:31,266 - INFO - Successfully saved e56b66e5
2025-06-19 13:16:34,411 - INFO - Successfully saved 335bbe3e
2025-06-19 13:16:34,411 - INFO - Successfully saved f4b63a04
2025-06-19 13:16:34,740 - INFO - Successfully saved bce627d9
2025-06-19 13:16:36,603 - INFO - Successfully saved d2b52c50
2025-06-19 13:16:36,604 - INFO - Successfully saved 5c58cec0
2025-06-19 13:16:38,094 - INFO - Successfully saved f83f0aab
2025-06-19 13:16:38,927 - INFO - Successfully saved 90117366
2025-06-19 13:16:38,928 - INFO - Successfully saved efc19153
2025-06-19 13:16:41,453 - INFO - Successfully saved be947479
2025-06-19 13:16:44,838 - INFO - Successfully saved d5235d39
2025-06-19 13:16:48,231 - INFO - Successfully saved 1fbf276a
2025-06-19 13:16:51,602 - INFO - Successfully saved 1c6b1fa0
2025-06-19 13:16:53,338 - INFO - Successfully loaded eng\english_informationAndIdeas.json with 432 items
2025-06-19 13:16:53,339 - INFO - Created folder: english_informationAndIdeas
2025-06-19 13:16:55,011 - INFO - Successfully saved f4166aae
2025-06-19 13:16:58,596 - INFO - Successfully saved 9b2fbb2e
2025-06-19 13:17:01,979 - INFO - Successfully saved 1782cdd7
2025-06-19 13:17:03,823 - INFO - Successfully saved ccb1ab92
2025-06-19 13:17:03,823 - INFO - Successfully saved 8a668840
2025-06-19 13:17:05,357 - INFO - Successfully saved 6d44060a
2025-06-19 13:17:05,944 - INFO - Successfully saved 3bfcb73b
2025-06-19 13:17:05,944 - INFO - Successfully saved 02848335
2025-06-19 13:17:06,646 - INFO - Successfully saved 39de2206
2025-06-19 13:17:06,647 - INFO - Successfully saved 2c06139b
2025-06-19 13:17:08,000 - INFO - Successfully saved 95146ebb
2025-06-19 13:17:08,000 - INFO - Successfully saved c188a397
2025-06-19 13:17:08,944 - INFO - Successfully saved 590f0ad2
2025-06-19 13:17:12,321 - INFO - Successfully saved 19688783
2025-06-19 13:17:15,669 - INFO - Successfully saved 1107e7dc
2025-06-19 13:17:17,491 - INFO - Successfully loaded eng\english_standardEnglish.json with 327 items
2025-06-19 13:17:17,491 - INFO - Created folder: english_standardEnglish
2025-06-19 13:17:19,285 - INFO - Successfully saved d7dccee7
2025-06-19 13:17:22,764 - INFO - Successfully saved d69bc408
2025-06-19 13:17:26,166 - INFO - Successfully saved 22105871
2025-06-19 13:17:26,617 - INFO - Successfully saved 435809d8
2025-06-19 13:17:26,618 - INFO - Successfully saved 6fac7f45
2025-06-19 13:17:27,719 - INFO - Successfully saved 6df020e6
2025-06-19 13:17:27,720 - INFO - Successfully saved e3c1b4f7
2025-06-19 13:17:29,629 - INFO - Successfully saved a1d2c4d0
2025-06-19 13:17:29,694 - INFO - Successfully saved 5aae2475
2025-06-19 13:17:29,695 - INFO - Successfully saved 6997261f
2025-06-19 13:17:33,042 - INFO - Successfully saved 02e49a0c
2025-06-19 13:17:36,435 - INFO - Successfully saved 27d9bb69
2025-06-19 13:17:39,889 - INFO - Successfully saved c885c38b
2025-06-19 13:17:42,109 - INFO - Successfully loaded math\math_ advancedmath.json with 447 items
2025-06-19 13:17:42,110 - INFO - Created folder: math_ advancedmath
2025-06-19 13:17:43,325 - INFO - Successfully saved de2c2f57
2025-06-19 13:17:46,676 - INFO - Successfully saved 3f753a8e
2025-06-19 13:17:48,508 - INFO - Successfully saved 02add2d2
2025-06-19 13:17:48,508 - INFO - Successfully saved d4950429
2025-06-19 13:17:49,822 - INFO - Missing questionId or external_id
2025-06-19 13:17:49,822 - INFO - Successfully saved 44076c7d
2025-06-19 13:17:50,212 - INFO - Successfully saved 53542eb5
2025-06-19 13:17:50,854 - INFO - Successfully saved 84dd43f8
2025-06-19 13:17:50,862 - INFO - Missing questionId or external_id
2025-06-19 13:17:51,725 - INFO - Successfully saved f678483b
2025-06-19 13:17:51,726 - INFO - Missing questionId or external_id
2025-06-19 13:17:53,694 - INFO - Successfully saved 6c64a8f3
2025-06-19 13:17:57,090 - INFO - Successfully saved 82b7c3b2
2025-06-19 13:18:00,553 - INFO - Successfully saved 662892ad
2025-06-19 13:18:03,928 - INFO - Successfully saved d563bf65
2025-06-19 13:18:04,889 - INFO - Successfully loaded math\math_algebra.json with 519 items
2025-06-19 13:18:04,890 - INFO - Created folder: math_algebra
2025-06-19 13:18:07,411 - INFO - Successfully saved 159ef46d
2025-06-19 13:18:10,896 - INFO - Successfully saved d7807ec8
2025-06-19 13:18:14,286 - INFO - Successfully saved e1e89221
2025-06-19 13:18:14,287 - INFO - Successfully saved 979c6ebc
2025-06-19 13:18:14,287 - INFO - Successfully saved 9f3cb472
2025-06-19 13:18:15,344 - INFO - Successfully saved 74c03c21
2025-06-19 13:18:15,344 - INFO - Successfully saved 720e51ac
2025-06-19 13:18:16,269 - INFO - Successfully saved e4a588ca
2025-06-19 13:18:16,270 - INFO - Successfully saved ffb371f5
2025-06-19 13:18:17,096 - INFO - Successfully saved 10c448d6
2025-06-19 13:18:17,096 - INFO - Successfully saved 59352689
2025-06-19 13:18:17,708 - INFO - Successfully saved b11bb2a3
2025-06-19 13:18:17,922 - INFO - Successfully saved 8f0c82e2
2025-06-19 13:18:17,923 - INFO - Successfully saved f60aa0dc
2025-06-19 13:18:21,111 - INFO - Successfully saved 97360a00
2025-06-19 13:18:24,515 - INFO - Successfully saved 9c35759f
2025-06-19 13:18:27,896 - INFO - Successfully saved 6a1194e8
2025-06-19 13:18:29,154 - INFO - Successfully loaded math\math_geometry.json with 221 items
2025-06-19 13:18:29,155 - INFO - Created folder: math_geometry
2025-06-19 13:18:31,375 - INFO - Successfully saved 490b205f
2025-06-19 13:18:34,503 - INFO - Successfully saved 76c73dbf
2025-06-19 13:18:34,503 - INFO - Successfully saved de550be0
2025-06-19 13:18:34,859 - INFO - Successfully saved 051d3065
2025-06-19 13:18:35,421 - INFO - Successfully saved cf0d3050
2025-06-19 13:18:35,421 - INFO - Successfully saved 4ff7b652
2025-06-19 13:18:38,337 - INFO - Successfully saved 4fa7e50e
2025-06-19 13:18:41,823 - INFO - Successfully saved aa7fc89b
2025-06-19 13:18:45,304 - INFO - Successfully saved e23f50b9
2025-06-19 13:18:45,355 - INFO - Successfully loaded math\math_problemsolving.json with 368 items
2025-06-19 13:18:45,356 - INFO - Created folder: math_problemsolving
2025-06-19 13:18:48,698 - INFO - Successfully saved 359b891c
2025-06-19 13:18:52,144 - INFO - Missing questionId or external_id
2025-06-19 13:18:52,145 - INFO - Successfully saved aeeaec96
2025-06-19 13:18:52,221 - INFO - Successfully saved aad56f2b
2025-06-19 13:18:53,197 - INFO - Missing questionId or external_id
2025-06-19 13:18:53,197 - INFO - Successfully saved ad7dbb22
2025-06-19 13:18:54,026 - INFO - Successfully saved 20845d36
2025-06-19 13:18:54,027 - INFO - Successfully saved 4cc05491
2025-06-19 13:18:54,654 - INFO - Missing questionId or external_id
2025-06-19 13:18:55,747 - INFO - Successfully saved 48555763
2025-06-19 13:18:59,227 - INFO - Successfully saved e7247766
2025-06-19 13:19:02,663 - INFO - Successfully saved ae2b3112
2025-06-19 13:19:06,091 - INFO - Successfully saved e7b709fc
2025-06-19 13:19:09,984 - INFO - Successfully saved 94eb800d
2025-06-19 13:19:13,361 - INFO - Successfully saved dc0bca21
2025-06-19 13:19:16,761 - INFO - Successfully saved c218cd98
2025-06-19 13:19:20,228 - INFO - Successfully saved 7b55e895
2025-06-19 13:19:23,709 - INFO - Successfully saved 8bc66f89
2025-06-19 13:19:27,158 - INFO - Successfully saved 2c82068f
2025-06-19 13:19:30,673 - INFO - Successfully saved b93428a6
2025-06-19 13:19:34,082 - INFO - Successfully saved c106b9f7
2025-06-19 13:19:37,448 - INFO - Successfully saved 7a0e31ea
2025-06-19 13:19:40,909 - INFO - Successfully saved cce2f8dc
2025-06-19 13:19:44,307 - INFO - Successfully saved 6977d22b
2025-06-19 13:19:47,768 - INFO - Successfully saved 213248f7
2025-06-19 13:19:51,900 - INFO - Successfully saved 6bc0ba75
2025-06-19 13:19:55,502 - INFO - Successfully saved b4d29611
2025-06-19 13:19:59,012 - INFO - Successfully saved d3104a68
2025-06-19 13:20:02,431 - INFO - Successfully saved f6352bd3
2025-06-19 13:20:05,872 - INFO - Successfully saved 5fa165f7
2025-06-19 13:20:09,258 - INFO - Successfully saved d5600e74
2025-06-19 13:20:12,754 - INFO - Successfully saved 5444db38
2025-06-19 13:20:16,210 - INFO - Successfully saved 6017ae31
2025-06-19 13:20:19,613 - INFO - Successfully saved 571cf537
2025-06-19 13:20:23,041 - INFO - Successfully saved dba9eaf8
2025-06-19 13:20:26,476 - INFO - Successfully saved a756aa95
2025-06-19 13:20:29,889 - INFO - Successfully saved 0ed8f24f
2025-06-19 13:20:33,852 - INFO - Successfully saved 8889d6e2
2025-06-19 13:20:37,254 - INFO - Successfully saved 03eeecf3
2025-06-19 13:20:40,724 - INFO - Successfully saved 441e2b9e
2025-06-19 13:20:44,101 - INFO - Successfully saved 88bb0f6f
2025-06-19 13:20:47,481 - INFO - Successfully saved f878693b
2025-06-19 13:20:50,957 - INFO - Successfully saved 35e21b06
2025-06-19 13:20:54,541 - INFO - Successfully saved 9b01bcf4
2025-06-19 13:20:57,912 - INFO - Successfully saved f52cc78c
2025-06-19 13:21:01,299 - INFO - Successfully saved 8634bf4a
2025-06-19 13:21:04,678 - INFO - Successfully saved 1090b367
2025-06-19 13:21:08,046 - INFO - Successfully saved b507f90f
2025-06-19 13:21:11,410 - INFO - Successfully saved 5d48f889
2025-06-19 13:21:14,914 - INFO - Successfully saved d168e7c5
2025-06-19 13:21:18,392 - INFO - Successfully saved e8fb0744
2025-06-19 13:21:21,776 - INFO - Successfully saved c843d63c
2025-06-19 13:21:25,149 - INFO - Successfully saved 2390e956
